{
  "Cucumber Features": {
    "coverage": {
      "/home/ec2-user/environment/rottenpotatoes/app/controllers/movies_controller.rb": {
        "lines": [
          1,
          null,
          1,
          3,
          null,
          null,
          1,
          5,
          5,
          null,
          null,
          null,
          1,
          17,
          17,
          null,
          2,
          null,
          2,
          null,
          17,
          17,
          null,
          17,
          54,
          null,
          null,
          17,
          4,
          4,
          4,
          null,
          13,
          null,
          null,
          1,
          null,
          null,
          null,
          1,
          2,
          2,
          2,
          null,
          null,
          1,
          1,
          null,
          null,
          1,
          1,
          1,
          1,
          1,
          null,
          null,
          1,
          2,
          2,
          2,
          2,
          null,
          null,
          1,
          2,
          2,
          null,
          2,
          1,
          1,
          null,
          1,
          1,
          null,
          null,
          null
        ]
      },
      "/home/ec2-user/environment/rottenpotatoes/app/controllers/application_controller.rb": {
        "lines": [
          1,
          null,
          null,
          1,
          null
        ]
      },
      "/home/ec2-user/environment/rottenpotatoes/app/models/movie.rb": {
        "lines": [
          1,
          1,
          17,
          null,
          1,
          1,
          null,
          null
        ]
      }
    },
    "timestamp": 1634263351
  },
  "RSpec": {
    "coverage": {
      "/home/ec2-user/environment/rottenpotatoes/app/controllers/movies_controller.rb": {
        "lines": [
          1,
          null,
          1,
          1,
          null,
          null,
          1,
          1,
          1,
          null,
          null,
          null,
          1,
          3,
          3,
          null,
          1,
          null,
          1,
          null,
          3,
          3,
          null,
          3,
          18,
          null,
          null,
          3,
          2,
          2,
          2,
          null,
          1,
          null,
          null,
          1,
          null,
          null,
          null,
          1,
          0,
          0,
          0,
          null,
          null,
          1,
          1,
          null,
          null,
          1,
          1,
          1,
          1,
          1,
          null,
          null,
          1,
          0,
          0,
          0,
          0,
          null,
          null,
          1,
          2,
          2,
          null,
          2,
          1,
          1,
          null,
          1,
          1,
          null,
          null,
          null
        ]
      },
      "/home/ec2-user/environment/rottenpotatoes/app/controllers/application_controller.rb": {
        "lines": [
          1,
          null,
          null,
          1,
          null
        ]
      },
      "/home/ec2-user/environment/rottenpotatoes/app/models/movie.rb": {
        "lines": [
          1,
          1,
          3,
          null,
          1,
          2,
          null,
          null
        ]
      }
    },
    "timestamp": 1634263431
  }
}
